2024-12-09 21:33:36 INFO  [restartedMain] c.pawpengaga.JdbcUsuariosApplication - Starting JdbcUsuariosApplication using Java 17.0.10 with PID 20956 (C:\Users\Erick Rivera\Desktop\java-traini\MODULO 6\session 6\JDBC_usuarios\target\classes started by Erick Rivera in C:\Users\Erick Rivera\Desktop\java-traini\MODULO 6\session 6\JDBC_usuarios)
2024-12-09 21:33:36 INFO  [restartedMain] c.pawpengaga.JdbcUsuariosApplication - No active profile set, falling back to 1 default profile: "default"
2024-12-09 21:33:36 INFO  [restartedMain] o.s.b.d.e.DevToolsPropertyDefaultsPostProcessor - Devtools property defaults active! Set 'spring.devtools.add-properties' to 'false' to disable
2024-12-09 21:33:36 INFO  [restartedMain] o.s.b.d.e.DevToolsPropertyDefaultsPostProcessor - For additional web related logging consider setting the 'logging.level.web' property to 'DEBUG'
2024-12-09 21:33:38 INFO  [restartedMain] o.s.d.r.c.RepositoryConfigurationDelegate - Bootstrapping Spring Data JDBC repositories in DEFAULT mode.
2024-12-09 21:33:38 INFO  [restartedMain] o.s.d.r.c.RepositoryConfigurationDelegate - Finished Spring Data repository scanning in 45 ms. Found 0 JDBC repository interfaces.
2024-12-09 21:33:38 INFO  [restartedMain] o.s.b.w.e.tomcat.TomcatWebServer - Tomcat initialized with port 9000 (http)
2024-12-09 21:33:38 INFO  [restartedMain] o.a.c.core.AprLifecycleListener - Loaded Apache Tomcat Native library [2.0.8] using APR version [1.7.4].
2024-12-09 21:33:38 INFO  [restartedMain] o.a.c.core.AprLifecycleListener - OpenSSL successfully initialized [OpenSSL 3.0.14 4 Jun 2024]
2024-12-09 21:33:38 INFO  [restartedMain] o.a.coyote.http11.Http11NioProtocol - Initializing ProtocolHandler ["http-nio-9000"]
2024-12-09 21:33:38 INFO  [restartedMain] o.a.catalina.core.StandardService - Starting service [Tomcat]
2024-12-09 21:33:38 INFO  [restartedMain] o.a.catalina.core.StandardEngine - Starting Servlet engine: [Apache Tomcat/10.1.33]
2024-12-09 21:33:38 INFO  [restartedMain] o.a.c.c.C.[Tomcat].[localhost].[/] - Initializing Spring embedded WebApplicationContext
2024-12-09 21:33:38 INFO  [restartedMain] o.s.b.w.s.c.ServletWebServerApplicationContext - Root WebApplicationContext: initialization completed in 2205 ms
2024-12-09 21:33:39 INFO  [restartedMain] com.zaxxer.hikari.HikariDataSource - HikariPool-1 - Starting...
2024-12-09 21:33:39 INFO  [restartedMain] com.zaxxer.hikari.pool.HikariPool - HikariPool-1 - Added connection org.postgresql.jdbc.PgConnection@776c1409
2024-12-09 21:33:39 INFO  [restartedMain] com.zaxxer.hikari.HikariDataSource - HikariPool-1 - Start completed.
2024-12-09 21:33:40 INFO  [restartedMain] o.s.b.d.a.OptionalLiveReloadServer - LiveReload server is running on port 35729
2024-12-09 21:33:40 INFO  [restartedMain] o.a.coyote.http11.Http11NioProtocol - Starting ProtocolHandler ["http-nio-9000"]
2024-12-09 21:33:40 INFO  [restartedMain] o.s.b.w.e.tomcat.TomcatWebServer - Tomcat started on port 9000 (http) with context path '/'
2024-12-09 21:33:40 INFO  [restartedMain] c.pawpengaga.JdbcUsuariosApplication - Started JdbcUsuariosApplication in 4.313 seconds (process running for 5.304)
